==============================================
Hostname: fg3
Job ID: 29143413
Node: fg3
/home/ramin.kahidi/software/miniconda3/envs/pytorch/lib/python3.7/site-packages/torchvision/io/image.py:13: UserWarning: Failed to load image Python extension: /home/ramin.kahidi/software/miniconda3/envs/pytorch/lib/python3.7/site-packages/torchvision/image.so: undefined symbol: _ZN5torch3jit17parseSchemaOrNameERKNSt7__cxx1112basic_stringIcSt11char_traitsIcESaIcEEE
  warn(f"Failed to load image Python extension: {e}")
Traceback (most recent call last):
  File "DAFTTrain.py", line 266, in <module>
    main(MRI_dir, tabular_dir)
  File "DAFTTrain.py", line 206, in main
    val_r2 = r2_score(val_targets, val_preds)
  File "/home/ramin.kahidi/software/miniconda3/envs/pytorch/lib/python3.7/site-packages/sklearn/metrics/_regression.py", line 790, in r2_score
    y_true, y_pred, multioutput
  File "/home/ramin.kahidi/software/miniconda3/envs/pytorch/lib/python3.7/site-packages/sklearn/metrics/_regression.py", line 94, in _check_reg_targets
    check_consistent_length(y_true, y_pred)
  File "/home/ramin.kahidi/software/miniconda3/envs/pytorch/lib/python3.7/site-packages/sklearn/utils/validation.py", line 334, in check_consistent_length
    % [int(l) for l in lengths]
ValueError: Found input variables with inconsistent numbers of samples: [180, 90]
==============================================
Start: 2024-04-13 02:07:45
End: 2024-04-13 02:27:08
